TN:
SF:/home/user/vega/projects/glace/glace-image/lib/config.js
FNF:0
FNH:0
DA:8,1
DA:10,1
DA:11,1
DA:13,1
DA:14,1
DA:16,1
LF:6
LH:6
BRF:0
BRH:0
end_of_record
TN:
SF:/home/user/vega/projects/glace/glace-image/lib/image.js
FN:26,(anonymous_0)
FN:51,(anonymous_1)
FN:52,(anonymous_2)
FN:75,(anonymous_3)
FN:76,(anonymous_4)
FN:105,(anonymous_5)
FN:106,(anonymous_6)
FN:133,(anonymous_7)
FN:134,(anonymous_8)
FN:166,(anonymous_9)
FN:183,(anonymous_10)
FN:186,(anonymous_11)
FN:188,(anonymous_12)
FN:196,(anonymous_13)
FN:214,(anonymous_14)
FN:229,(anonymous_15)
FN:232,(anonymous_16)
FN:247,(anonymous_17)
FN:249,(anonymous_18)
FN:249,(anonymous_19)
FN:268,(anonymous_20)
FN:271,(anonymous_21)
FN:277,(anonymous_22)
FN:297,(anonymous_23)
FN:311,(anonymous_24)
FN:361,(anonymous_25)
FN:392,(anonymous_26)
FN:421,(anonymous_27)
FN:433,(anonymous_28)
FN:451,(anonymous_29)
FN:480,(anonymous_30)
FN:501,(anonymous_31)
FN:533,(anonymous_32)
FNF:33
FNH:33
FNDA:66,(anonymous_0)
FNDA:17,(anonymous_1)
FNDA:17,(anonymous_2)
FNDA:2,(anonymous_3)
FNDA:2,(anonymous_4)
FNDA:2,(anonymous_5)
FNDA:2,(anonymous_6)
FNDA:2,(anonymous_7)
FNDA:2,(anonymous_8)
FNDA:4,(anonymous_9)
FNDA:4,(anonymous_10)
FNDA:4,(anonymous_11)
FNDA:4,(anonymous_12)
FNDA:2,(anonymous_13)
FNDA:2,(anonymous_14)
FNDA:2,(anonymous_15)
FNDA:2,(anonymous_16)
FNDA:2,(anonymous_17)
FNDA:2,(anonymous_18)
FNDA:2,(anonymous_19)
FNDA:32,(anonymous_20)
FNDA:32,(anonymous_21)
FNDA:32,(anonymous_22)
FNDA:2,(anonymous_23)
FNDA:4,(anonymous_24)
FNDA:5,(anonymous_25)
FNDA:1190657,(anonymous_26)
FNDA:6342,(anonymous_27)
FNDA:192543395,(anonymous_28)
FNDA:20,(anonymous_29)
FNDA:5,(anonymous_30)
FNDA:20,(anonymous_31)
FNDA:10,(anonymous_32)
DA:15,1
DA:17,1
DA:18,1
DA:19,1
DA:20,1
DA:21,1
DA:22,1
DA:24,1
DA:26,1
DA:28,66
DA:29,20
DA:31,46
DA:32,46
DA:33,46
DA:35,46
DA:36,46
DA:38,46
DA:40,46
DA:41,46
DA:51,1
DA:52,17
DA:54,17
DA:55,17
DA:56,17
DA:58,17
DA:59,17
DA:60,17
DA:61,17
DA:64,1
DA:75,1
DA:76,2
DA:78,2
DA:79,2
DA:80,2
DA:82,2
DA:84,2
DA:85,2
DA:86,2
DA:87,3
DA:91,1
DA:95,1
DA:105,1
DA:106,2
DA:108,2
DA:109,2
DA:110,2
DA:112,2
DA:113,2
DA:114,2
DA:115,2
DA:119,1
DA:123,1
DA:133,1
DA:134,2
DA:136,2
DA:137,2
DA:138,2
DA:140,2
DA:141,2
DA:142,2
DA:143,2
DA:147,1
DA:151,1
DA:166,1
DA:168,4
DA:169,4
DA:170,4
DA:172,4
DA:173,4
DA:175,4
DA:176,4
DA:177,4
DA:179,4
DA:180,0
DA:183,4
DA:184,4
DA:185,4
DA:187,4
DA:189,4
DA:190,2
DA:191,2
DA:197,2
DA:198,2
DA:214,1
DA:216,2
DA:217,2
DA:218,2
DA:220,2
DA:221,2
DA:222,2
DA:224,2
DA:225,0
DA:229,2
DA:230,2
DA:231,2
DA:234,2
DA:235,2
DA:236,2
DA:237,2
DA:240,2
DA:244,2
DA:246,2
DA:247,2
DA:248,2
DA:249,2
DA:250,2
DA:251,2
DA:254,0
DA:268,1
DA:270,32
DA:271,32
DA:272,32
DA:273,32
DA:274,32
DA:275,32
DA:276,32
DA:278,32
DA:297,1
DA:298,2
DA:311,1
DA:313,4
DA:314,4
DA:317,4
DA:318,4
DA:319,4
DA:320,4
DA:322,4
DA:329,4
DA:330,4
DA:332,4
DA:334,4
DA:335,964
DA:337,1190656
DA:339,1190656
DA:341,2
DA:342,2
DA:343,2
DA:344,2
DA:345,2
DA:348,2
DA:351,2
DA:361,1
DA:363,5
DA:364,5
DA:365,5
DA:369,5
DA:370,76
DA:372,76
DA:373,6340
DA:374,6339
DA:379,5
DA:392,1
DA:394,1190657
DA:395,1190657
DA:400,1190657
DA:401,192543393
DA:402,192543393
DA:404,192543393
DA:405,3229565
DA:407,189313828
DA:408,189313828
DA:410,3
DA:421,1
DA:422,6342
DA:433,1
DA:434,192543395
DA:435,192543395
DA:436,192543395
DA:438,192543395
DA:451,1
DA:452,20
DA:453,20
DA:454,20
DA:457,20
DA:458,10709
DA:459,10709
DA:461,10709
DA:462,14157273
DA:470,20
DA:480,1
DA:482,5
DA:483,5
DA:484,5
DA:485,5
DA:486,5
DA:487,5
DA:488,5
DA:489,5
DA:490,5
DA:491,5
DA:501,1
DA:503,20
DA:504,20
DA:505,20
DA:506,20
DA:509,20
DA:510,8494
DA:512,8494
DA:513,24
DA:514,30
DA:515,20
DA:516,20
DA:521,8494
DA:522,8490
DA:524,20
DA:533,1
DA:535,10
DA:536,10
DA:537,10
DA:540,10
DA:541,0
DA:543,10
DA:544,4246
DA:546,4246
DA:547,3574276
DA:550,10
DA:553,1
LF:217
LH:213
BRDA:28,0,0,20
BRDA:28,0,1,46
BRDA:61,1,0,16
BRDA:61,1,1,1
BRDA:87,2,0,1
BRDA:87,2,1,2
BRDA:87,3,0,3
BRDA:87,3,1,2
BRDA:87,3,2,2
BRDA:87,3,3,2
BRDA:115,4,0,1
BRDA:115,4,1,1
BRDA:115,5,0,2
BRDA:115,5,1,2
BRDA:115,5,2,1
BRDA:115,5,3,1
BRDA:143,6,0,1
BRDA:143,6,1,1
BRDA:143,7,0,2
BRDA:143,7,1,2
BRDA:143,7,2,1
BRDA:143,7,3,1
BRDA:179,8,0,0
BRDA:179,8,1,4
BRDA:179,9,0,4
BRDA:179,9,1,3
BRDA:189,10,0,2
BRDA:189,10,1,2
BRDA:190,11,0,0
BRDA:190,11,1,2
BRDA:224,12,0,0
BRDA:224,12,1,2
BRDA:224,13,0,2
BRDA:224,13,1,2
BRDA:235,14,0,2
BRDA:235,14,1,0
BRDA:246,15,0,2
BRDA:246,15,1,0
BRDA:339,16,0,1190654
BRDA:339,16,1,2
BRDA:341,17,0,2
BRDA:341,17,1,0
BRDA:341,18,0,2
BRDA:341,18,1,0
BRDA:348,19,0,2
BRDA:348,19,1,0
BRDA:348,20,0,2
BRDA:348,20,1,0
BRDA:373,21,0,6339
BRDA:373,21,1,1
BRDA:404,22,0,3229565
BRDA:404,22,1,189313828
BRDA:408,23,0,1190654
BRDA:408,23,1,188123174
BRDA:466,24,0,8911833
BRDA:466,24,1,5245440
BRDA:512,25,0,24
BRDA:512,25,1,8470
BRDA:514,26,0,20
BRDA:514,26,1,10
BRDA:521,27,0,8490
BRDA:521,27,1,4
BRDA:540,28,0,0
BRDA:540,28,1,10
BRDA:540,29,0,10
BRDA:540,29,1,10
BRF:66
BRH:56
end_of_record
TN:
SF:/home/user/vega/projects/glace/glace-image/lib/index.js
FN:15,(anonymous_0)
FN:24,(anonymous_1)
FN:33,(anonymous_2)
FNF:3
FNH:3
FNDA:2,(anonymous_0)
FNDA:2,(anonymous_1)
FNDA:2,(anonymous_2)
DA:10,1
DA:16,2
DA:17,2
DA:25,2
DA:26,2
DA:34,2
DA:35,2
LF:7
LH:7
BRDA:16,0,0,2
BRDA:16,0,1,1
BRDA:25,1,0,2
BRDA:25,1,1,1
BRDA:34,2,0,2
BRDA:34,2,1,1
BRF:6
BRH:6
end_of_record
TN:
SF:/home/user/vega/projects/glace/glace-image/lib/pluginHelp.js
FN:11,(anonymous_0)
FNF:1
FNH:1
FNDA:1,(anonymous_0)
DA:11,1
DA:12,1
LF:2
LH:2
BRF:0
BRH:0
end_of_record
TN:
SF:/home/user/vega/projects/glace/glace-image/lib/steps.js
FN:33,(anonymous_0)
FN:137,(anonymous_1)
FN:187,(anonymous_2)
FN:247,(anonymous_3)
FN:331,(anonymous_4)
FN:407,(anonymous_5)
FN:451,(anonymous_6)
FN:452,(anonymous_7)
FN:453,(anonymous_8)
FN:470,(anonymous_9)
FN:492,(anonymous_10)
FN:535,(anonymous_11)
FN:571,(anonymous_12)
FN:596,(anonymous_13)
FN:603,(anonymous_14)
FN:627,(anonymous_15)
FN:631,(anonymous_16)
FN:632,(anonymous_17)
FN:652,(anonymous_18)
FNF:19
FNH:18
FNDA:19,(anonymous_0)
FNDA:3,(anonymous_1)
FNDA:2,(anonymous_2)
FNDA:3,(anonymous_3)
FNDA:0,(anonymous_4)
FNDA:2,(anonymous_5)
FNDA:6,(anonymous_6)
FNDA:6,(anonymous_7)
FNDA:6,(anonymous_8)
FNDA:9,(anonymous_9)
FNDA:1,(anonymous_10)
FNDA:2,(anonymous_11)
FNDA:6,(anonymous_12)
FNDA:5,(anonymous_13)
FNDA:5,(anonymous_14)
FNDA:3,(anonymous_15)
FNDA:3,(anonymous_16)
FNDA:3,(anonymous_17)
FNDA:28,(anonymous_18)
DA:12,2
DA:13,2
DA:15,2
DA:16,2
DA:17,2
DA:18,2
DA:19,2
DA:20,2
DA:21,2
DA:23,2
DA:24,2
DA:26,2
DA:28,2
DA:70,19
DA:72,19
DA:73,19
DA:74,19
DA:76,19
DA:80,19
DA:81,19
DA:82,19
DA:83,19
DA:84,19
DA:85,19
DA:86,19
DA:88,19
DA:89,13
DA:90,9
DA:92,4
DA:95,19
DA:97,19
DA:99,19
DA:101,19
DA:103,19
DA:104,10
DA:106,19
DA:107,2
DA:110,19
DA:111,7
DA:114,19
DA:115,2
DA:118,19
DA:119,15
DA:122,15
DA:126,19
DA:128,19
DA:130,19
DA:131,19
DA:132,19
DA:134,19
DA:163,3
DA:164,3
DA:166,3
DA:167,1
DA:169,2
DA:171,3
DA:173,3
DA:174,3
DA:175,1
DA:177,1
DA:179,1
DA:183,3
DA:184,3
DA:211,2
DA:212,2
DA:213,2
DA:215,2
DA:216,1
DA:218,1
DA:221,2
DA:227,2
DA:229,2
DA:233,2
DA:234,1
DA:238,1
DA:243,2
DA:244,2
DA:273,3
DA:276,3
DA:277,2
DA:278,2
DA:281,3
DA:282,3
DA:284,3
DA:285,1
DA:286,2
DA:287,1
DA:289,1
DA:292,3
DA:293,1
DA:294,2
DA:295,1
DA:297,1
DA:300,3
DA:301,1
DA:304,3
DA:305,2
DA:306,2
DA:307,2
DA:310,3
DA:311,3
DA:313,3
DA:314,3
DA:316,3
DA:317,3
DA:318,3
DA:323,3
DA:324,3
DA:326,3
DA:327,3
DA:328,3
DA:367,0
DA:369,0
DA:370,0
DA:371,0
DA:373,0
DA:374,0
DA:376,0
DA:382,0
DA:409,2
DA:413,2
DA:417,2
DA:418,2
DA:419,2
DA:421,2
DA:427,2
DA:430,2
DA:431,1
DA:435,1
DA:452,6
DA:453,6
DA:454,6
DA:455,6
DA:471,9
DA:494,1
DA:495,1
DA:496,1
DA:497,1
DA:499,1
DA:500,1
DA:535,1
DA:550,1
DA:573,6
DA:576,5
DA:578,5
DA:580,5
DA:581,5
DA:583,5
DA:591,5
DA:592,3
DA:593,3
DA:596,5
DA:597,5
DA:604,5
DA:605,5
DA:609,5
DA:611,5
DA:613,5
DA:629,3
DA:631,3
DA:632,3
DA:633,3
DA:634,3
DA:638,3
DA:639,3
DA:641,3
DA:642,3
DA:645,2
DA:652,2
DA:653,28
LF:170
LH:162
BRDA:74,0,0,19
BRDA:74,0,1,0
BRDA:88,1,0,13
BRDA:88,1,1,6
BRDA:89,2,0,9
BRDA:89,2,1,4
BRDA:89,3,0,13
BRDA:89,3,1,9
BRDA:101,4,0,0
BRDA:101,4,1,19
BRDA:103,5,0,10
BRDA:103,5,1,9
BRDA:106,6,0,2
BRDA:106,6,1,17
BRDA:110,7,0,7
BRDA:110,7,1,12
BRDA:114,8,0,2
BRDA:114,8,1,17
BRDA:118,9,0,15
BRDA:118,9,1,4
BRDA:126,10,0,0
BRDA:126,10,1,19
BRDA:166,11,0,1
BRDA:166,11,1,2
BRDA:215,12,0,1
BRDA:215,12,1,1
BRDA:233,13,0,1
BRDA:233,13,1,1
BRDA:276,14,0,2
BRDA:276,14,1,1
BRDA:284,15,0,1
BRDA:284,15,1,2
BRDA:284,16,0,3
BRDA:284,16,1,1
BRDA:286,17,0,1
BRDA:286,17,1,1
BRDA:292,18,0,1
BRDA:292,18,1,2
BRDA:292,19,0,3
BRDA:292,19,1,1
BRDA:294,20,0,1
BRDA:294,20,1,1
BRDA:300,21,0,1
BRDA:300,21,1,2
BRDA:300,22,0,3
BRDA:300,22,1,1
BRDA:304,23,0,2
BRDA:304,23,1,1
BRDA:304,24,0,3
BRDA:304,24,1,2
BRDA:316,25,0,3
BRDA:316,25,1,0
BRDA:373,26,0,0
BRDA:373,26,1,0
BRDA:374,27,0,0
BRDA:374,27,1,0
BRDA:430,28,0,1
BRDA:430,28,1,1
BRDA:454,29,0,0
BRDA:454,29,1,6
BRDA:500,30,0,0
BRDA:500,30,1,1
BRDA:581,31,0,4
BRDA:581,31,1,1
BRDA:591,32,0,3
BRDA:591,32,1,2
BRDA:604,33,0,0
BRDA:604,33,1,5
BRDA:611,34,0,3
BRDA:611,34,1,2
BRDA:633,35,0,0
BRDA:633,35,1,3
BRDA:653,36,0,28
BRDA:653,36,1,0
BRF:74
BRH:61
end_of_record
TN:
SF:/home/user/vega/projects/glace/glace-image/lib/fixtures/fxScreenOnFail.js
FN:11,(anonymous_0)
FN:14,(anonymous_1)
FN:23,(anonymous_2)
FN:23,(anonymous_3)
FNF:4
FNH:4
FNDA:1,(anonymous_0)
FNDA:56,(anonymous_1)
FNDA:6,(anonymous_2)
FNDA:62,(anonymous_3)
DA:9,2
DA:11,2
DA:12,1
DA:14,1
DA:15,56
DA:18,1
DA:20,1
DA:23,6
DA:24,62
DA:26,5
DA:30,5
DA:31,5
DA:32,2
DA:34,2
DA:37,1
DA:40,5
DA:41,5
DA:43,1
LF:18
LH:18
BRDA:24,0,0,57
BRDA:24,0,1,5
BRDA:31,1,0,2
BRDA:31,1,1,2
BRDA:31,2,0,5
BRDA:31,2,1,4
BRF:6
BRH:6
end_of_record
TN:
SF:/home/user/vega/projects/glace/glace-image/lib/fixtures/index.js
FNF:0
FNH:0
DA:9,1
LF:1
LH:1
BRF:0
BRH:0
end_of_record
